This is pdfTeX, Version 3.14159265-2.6-1.40.18 (TeX Live 2017/Debian) (preloaded format=pdflatex 2020.8.29)  15 AUG 2021 20:19
entering extended mode
 restricted \write18 enabled.
 %&-line parsing enabled.
**FormalLLVMConcur.tex
(./FormalLLVMConcur.tex
LaTeX2e <2017-04-15>
Babel <3.18> and hyphenation patterns for 3 language(s) loaded.
(/usr/share/texlive/texmf-dist/tex/latex/beamer/beamer.cls
Document Class: beamer 2018/02/20 v3.50 A class for typesetting presentations
(/usr/share/texlive/texmf-dist/tex/latex/beamer/beamerbasemodes.sty
(/usr/share/texlive/texmf-dist/tex/latex/etoolbox/etoolbox.sty
Package: etoolbox 2018/02/11 v2.5e e-TeX tools for LaTeX (JAW)
\etb@tempcnta=\count79
)
\beamer@tempbox=\box26
\beamer@tempcount=\count80
\c@beamerpauses=\count81

(/usr/share/texlive/texmf-dist/tex/latex/beamer/beamerbasedecode.sty
\beamer@slideinframe=\count82
\beamer@minimum=\count83
)
\beamer@commentbox=\box27
\beamer@modecount=\count84
)
(/usr/share/texlive/texmf-dist/tex/generic/oberdiek/ifpdf.sty
Package: ifpdf 2017/03/15 v3.2 Provides the ifpdf switch
)
\headdp=\dimen102
\footheight=\dimen103
\sidebarheight=\dimen104
\beamer@tempdim=\dimen105
\beamer@finalheight=\dimen106
\beamer@animht=\dimen107
\beamer@animdp=\dimen108
\beamer@animwd=\dimen109
\beamer@leftmargin=\dimen110
\beamer@rightmargin=\dimen111
\beamer@leftsidebar=\dimen112
\beamer@rightsidebar=\dimen113
\beamer@boxsize=\dimen114
\beamer@vboxoffset=\dimen115
\beamer@descdefault=\dimen116
\beamer@descriptionwidth=\dimen117
\beamer@lastskip=\skip41
\beamer@areabox=\box28
\beamer@animcurrent=\box29
\beamer@animshowbox=\box30
\beamer@sectionbox=\box31
\beamer@logobox=\box32
\beamer@linebox=\box33
\beamer@sectioncount=\count85
\beamer@subsubsectionmax=\count86
\beamer@subsectionmax=\count87
\beamer@sectionmax=\count88
\beamer@totalheads=\count89
\beamer@headcounter=\count90
\beamer@partstartpage=\count91
\beamer@sectionstartpage=\count92
\beamer@subsectionstartpage=\count93
\beamer@animationtempa=\count94
\beamer@animationtempb=\count95
\beamer@xpos=\count96
\beamer@ypos=\count97
\beamer@ypos@offset=\count98
\beamer@showpartnumber=\count99
\beamer@currentsubsection=\count100
\beamer@coveringdepth=\count101
\beamer@sectionadjust=\count102
\beamer@tocsectionnumber=\count103

(/usr/share/texlive/texmf-dist/tex/latex/beamer/beamerbaseoptions.sty
(/usr/share/texlive/texmf-dist/tex/latex/graphics/keyval.sty
Package: keyval 2014/10/28 v1.15 key=value parser (DPC)
\KV@toks@=\toks14
))
\beamer@paperwidth=\skip42
\beamer@paperheight=\skip43

(/usr/share/texlive/texmf-dist/tex/latex/geometry/geometry.sty
Package: geometry 2010/09/12 v5.6 Page Geometry

(/usr/share/texlive/texmf-dist/tex/generic/oberdiek/ifvtex.sty
Package: ifvtex 2016/05/16 v1.6 Detect VTeX and its facilities (HO)
Package ifvtex Info: VTeX not detected.
)
(/usr/share/texlive/texmf-dist/tex/generic/ifxetex/ifxetex.sty
Package: ifxetex 2010/09/12 v0.6 Provides ifxetex conditional
)
\Gm@cnth=\count104
\Gm@cntv=\count105
\c@Gm@tempcnt=\count106
\Gm@bindingoffset=\dimen118
\Gm@wd@mp=\dimen119
\Gm@odd@mp=\dimen120
\Gm@even@mp=\dimen121
\Gm@layoutwidth=\dimen122
\Gm@layoutheight=\dimen123
\Gm@layouthoffset=\dimen124
\Gm@layoutvoffset=\dimen125
\Gm@dimlist=\toks15
)

Class beamer Warning: This option is obsolete. Use beamer option ``show notes''
 instead. on input line 336.

(/usr/share/texlive/texmf-dist/tex/latex/base/size11.clo
File: size11.clo 2014/09/29 v1.4h Standard LaTeX file (size option)
)
(/usr/share/texlive/texmf-dist/tex/latex/pgf/basiclayer/pgfcore.sty
(/usr/share/texlive/texmf-dist/tex/latex/graphics/graphicx.sty
Package: graphicx 2017/06/01 v1.1a Enhanced LaTeX Graphics (DPC,SPQR)

(/usr/share/texlive/texmf-dist/tex/latex/graphics/graphics.sty
Package: graphics 2017/06/25 v1.2c Standard LaTeX Graphics (DPC,SPQR)

(/usr/share/texlive/texmf-dist/tex/latex/graphics/trig.sty
Package: trig 2016/01/03 v1.10 sin cos tan (DPC)
)
(/usr/share/texlive/texmf-dist/tex/latex/graphics-cfg/graphics.cfg
File: graphics.cfg 2016/06/04 v1.11 sample graphics configuration
)
Package graphics Info: Driver file: pdftex.def on input line 99.

(/usr/share/texlive/texmf-dist/tex/latex/graphics-def/pdftex.def
File: pdftex.def 2018/01/08 v1.0l Graphics/color driver for pdftex
))
\Gin@req@height=\dimen126
\Gin@req@width=\dimen127
)
(/usr/share/texlive/texmf-dist/tex/latex/pgf/systemlayer/pgfsys.sty
(/usr/share/texlive/texmf-dist/tex/latex/pgf/utilities/pgfrcs.sty
(/usr/share/texlive/texmf-dist/tex/generic/pgf/utilities/pgfutil-common.tex
\pgfutil@everybye=\toks16
\pgfutil@tempdima=\dimen128
\pgfutil@tempdimb=\dimen129

(/usr/share/texlive/texmf-dist/tex/generic/pgf/utilities/pgfutil-common-lists.t
ex)) (/usr/share/texlive/texmf-dist/tex/generic/pgf/utilities/pgfutil-latex.def
\pgfutil@abb=\box34
(/usr/share/texlive/texmf-dist/tex/latex/ms/everyshi.sty
Package: everyshi 2001/05/15 v3.00 EveryShipout Package (MS)
))
(/usr/share/texlive/texmf-dist/tex/generic/pgf/utilities/pgfrcs.code.tex
Package: pgfrcs 2015/08/07 v3.0.1a (rcs-revision 1.31)
))
(/usr/share/texlive/texmf-dist/tex/generic/pgf/systemlayer/pgfsys.code.tex
Package: pgfsys 2014/07/09 v3.0.1a (rcs-revision 1.48)

(/usr/share/texlive/texmf-dist/tex/generic/pgf/utilities/pgfkeys.code.tex
\pgfkeys@pathtoks=\toks17
\pgfkeys@temptoks=\toks18

(/usr/share/texlive/texmf-dist/tex/generic/pgf/utilities/pgfkeysfiltered.code.t
ex
\pgfkeys@tmptoks=\toks19
))
\pgf@x=\dimen130
\pgf@y=\dimen131
\pgf@xa=\dimen132
\pgf@ya=\dimen133
\pgf@xb=\dimen134
\pgf@yb=\dimen135
\pgf@xc=\dimen136
\pgf@yc=\dimen137
\w@pgf@writea=\write3
\r@pgf@reada=\read1
\c@pgf@counta=\count107
\c@pgf@countb=\count108
\c@pgf@countc=\count109
\c@pgf@countd=\count110
\t@pgf@toka=\toks20
\t@pgf@tokb=\toks21
\t@pgf@tokc=\toks22
 (/usr/share/texlive/texmf-dist/tex/generic/pgf/systemlayer/pgf.cfg
File: pgf.cfg 2008/05/14  (rcs-revision 1.7)
)
Driver file for pgf: pgfsys-pdftex.def

(/usr/share/texlive/texmf-dist/tex/generic/pgf/systemlayer/pgfsys-pdftex.def
File: pgfsys-pdftex.def 2014/10/11  (rcs-revision 1.35)

(/usr/share/texlive/texmf-dist/tex/generic/pgf/systemlayer/pgfsys-common-pdf.de
f
File: pgfsys-common-pdf.def 2013/10/10  (rcs-revision 1.13)
)))
(/usr/share/texlive/texmf-dist/tex/generic/pgf/systemlayer/pgfsyssoftpath.code.
tex
File: pgfsyssoftpath.code.tex 2013/09/09  (rcs-revision 1.9)
\pgfsyssoftpath@smallbuffer@items=\count111
\pgfsyssoftpath@bigbuffer@items=\count112
)
(/usr/share/texlive/texmf-dist/tex/generic/pgf/systemlayer/pgfsysprotocol.code.
tex
File: pgfsysprotocol.code.tex 2006/10/16  (rcs-revision 1.4)
)) (/usr/share/texlive/texmf-dist/tex/latex/xcolor/xcolor.sty
Package: xcolor 2016/05/11 v2.12 LaTeX color extensions (UK)

(/usr/share/texlive/texmf-dist/tex/latex/graphics-cfg/color.cfg
File: color.cfg 2016/01/02 v1.6 sample color configuration
)
Package xcolor Info: Driver file: pdftex.def on input line 225.
Package xcolor Info: Model `cmy' substituted by `cmy0' on input line 1348.
Package xcolor Info: Model `hsb' substituted by `rgb' on input line 1352.
Package xcolor Info: Model `RGB' extended on input line 1364.
Package xcolor Info: Model `HTML' substituted by `rgb' on input line 1366.
Package xcolor Info: Model `Hsb' substituted by `hsb' on input line 1367.
Package xcolor Info: Model `tHsb' substituted by `hsb' on input line 1368.
Package xcolor Info: Model `HSB' substituted by `hsb' on input line 1369.
Package xcolor Info: Model `Gray' substituted by `gray' on input line 1370.
Package xcolor Info: Model `wave' substituted by `hsb' on input line 1371.

(/usr/share/texlive/texmf-dist/tex/latex/graphics/dvipsnam.def
File: dvipsnam.def 2016/06/17 v3.0m Driver-dependent file (DPC,SPQR)
))
(/usr/share/texlive/texmf-dist/tex/generic/pgf/basiclayer/pgfcore.code.tex
Package: pgfcore 2010/04/11 v3.0.1a (rcs-revision 1.7)

(/usr/share/texlive/texmf-dist/tex/generic/pgf/math/pgfmath.code.tex
(/usr/share/texlive/texmf-dist/tex/generic/pgf/math/pgfmathcalc.code.tex
(/usr/share/texlive/texmf-dist/tex/generic/pgf/math/pgfmathutil.code.tex)
(/usr/share/texlive/texmf-dist/tex/generic/pgf/math/pgfmathparser.code.tex
\pgfmath@dimen=\dimen138
\pgfmath@count=\count113
\pgfmath@box=\box35
\pgfmath@toks=\toks23
\pgfmath@stack@operand=\toks24
\pgfmath@stack@operation=\toks25
)
(/usr/share/texlive/texmf-dist/tex/generic/pgf/math/pgfmathfunctions.code.tex
(/usr/share/texlive/texmf-dist/tex/generic/pgf/math/pgfmathfunctions.basic.code
.tex)
(/usr/share/texlive/texmf-dist/tex/generic/pgf/math/pgfmathfunctions.trigonomet
ric.code.tex)
(/usr/share/texlive/texmf-dist/tex/generic/pgf/math/pgfmathfunctions.random.cod
e.tex)
(/usr/share/texlive/texmf-dist/tex/generic/pgf/math/pgfmathfunctions.comparison
.code.tex)
(/usr/share/texlive/texmf-dist/tex/generic/pgf/math/pgfmathfunctions.base.code.
tex)
(/usr/share/texlive/texmf-dist/tex/generic/pgf/math/pgfmathfunctions.round.code
.tex)
(/usr/share/texlive/texmf-dist/tex/generic/pgf/math/pgfmathfunctions.misc.code.
tex)
(/usr/share/texlive/texmf-dist/tex/generic/pgf/math/pgfmathfunctions.integerari
thmetics.code.tex)))
(/usr/share/texlive/texmf-dist/tex/generic/pgf/math/pgfmathfloat.code.tex
\c@pgfmathroundto@lastzeros=\count114
))
(/usr/share/texlive/texmf-dist/tex/generic/pgf/basiclayer/pgfcorepoints.code.te
x
File: pgfcorepoints.code.tex 2013/10/07  (rcs-revision 1.27)
\pgf@picminx=\dimen139
\pgf@picmaxx=\dimen140
\pgf@picminy=\dimen141
\pgf@picmaxy=\dimen142
\pgf@pathminx=\dimen143
\pgf@pathmaxx=\dimen144
\pgf@pathminy=\dimen145
\pgf@pathmaxy=\dimen146
\pgf@xx=\dimen147
\pgf@xy=\dimen148
\pgf@yx=\dimen149
\pgf@yy=\dimen150
\pgf@zx=\dimen151
\pgf@zy=\dimen152
)
(/usr/share/texlive/texmf-dist/tex/generic/pgf/basiclayer/pgfcorepathconstruct.
code.tex
File: pgfcorepathconstruct.code.tex 2013/10/07  (rcs-revision 1.29)
\pgf@path@lastx=\dimen153
\pgf@path@lasty=\dimen154
)
(/usr/share/texlive/texmf-dist/tex/generic/pgf/basiclayer/pgfcorepathusage.code
.tex
File: pgfcorepathusage.code.tex 2014/11/02  (rcs-revision 1.24)
\pgf@shorten@end@additional=\dimen155
\pgf@shorten@start@additional=\dimen156
)
(/usr/share/texlive/texmf-dist/tex/generic/pgf/basiclayer/pgfcorescopes.code.te
x
File: pgfcorescopes.code.tex 2015/05/08  (rcs-revision 1.46)
\pgfpic=\box36
\pgf@hbox=\box37
\pgf@layerbox@main=\box38
\pgf@picture@serial@count=\count115
)
(/usr/share/texlive/texmf-dist/tex/generic/pgf/basiclayer/pgfcoregraphicstate.c
ode.tex
File: pgfcoregraphicstate.code.tex 2014/11/02  (rcs-revision 1.12)
\pgflinewidth=\dimen157
)
(/usr/share/texlive/texmf-dist/tex/generic/pgf/basiclayer/pgfcoretransformation
s.code.tex
File: pgfcoretransformations.code.tex 2015/08/07  (rcs-revision 1.20)
\pgf@pt@x=\dimen158
\pgf@pt@y=\dimen159
\pgf@pt@temp=\dimen160
)
(/usr/share/texlive/texmf-dist/tex/generic/pgf/basiclayer/pgfcorequick.code.tex
File: pgfcorequick.code.tex 2008/10/09  (rcs-revision 1.3)
)
(/usr/share/texlive/texmf-dist/tex/generic/pgf/basiclayer/pgfcoreobjects.code.t
ex
File: pgfcoreobjects.code.tex 2006/10/11  (rcs-revision 1.2)
)
(/usr/share/texlive/texmf-dist/tex/generic/pgf/basiclayer/pgfcorepathprocessing
.code.tex
File: pgfcorepathprocessing.code.tex 2013/09/09  (rcs-revision 1.9)
)
(/usr/share/texlive/texmf-dist/tex/generic/pgf/basiclayer/pgfcorearrows.code.te
x
File: pgfcorearrows.code.tex 2015/05/14  (rcs-revision 1.43)
\pgfarrowsep=\dimen161
)
(/usr/share/texlive/texmf-dist/tex/generic/pgf/basiclayer/pgfcoreshade.code.tex
File: pgfcoreshade.code.tex 2013/07/15  (rcs-revision 1.15)
\pgf@max=\dimen162
\pgf@sys@shading@range@num=\count116
)
(/usr/share/texlive/texmf-dist/tex/generic/pgf/basiclayer/pgfcoreimage.code.tex
File: pgfcoreimage.code.tex 2013/07/15  (rcs-revision 1.18)

(/usr/share/texlive/texmf-dist/tex/generic/pgf/basiclayer/pgfcoreexternal.code.
tex
File: pgfcoreexternal.code.tex 2014/07/09  (rcs-revision 1.21)
\pgfexternal@startupbox=\box39
))
(/usr/share/texlive/texmf-dist/tex/generic/pgf/basiclayer/pgfcorelayers.code.te
x
File: pgfcorelayers.code.tex 2013/07/18  (rcs-revision 1.7)
)
(/usr/share/texlive/texmf-dist/tex/generic/pgf/basiclayer/pgfcoretransparency.c
ode.tex
File: pgfcoretransparency.code.tex 2013/09/30  (rcs-revision 1.5)
)
(/usr/share/texlive/texmf-dist/tex/generic/pgf/basiclayer/pgfcorepatterns.code.
tex
File: pgfcorepatterns.code.tex 2013/11/07  (rcs-revision 1.5)
))) (/usr/share/texlive/texmf-dist/tex/latex/pgf/utilities/xxcolor.sty
Package: xxcolor 2003/10/24 ver 0.1
\XC@nummixins=\count117
\XC@countmixins=\count118
)
(/usr/share/texlive/texmf-dist/tex/generic/oberdiek/atbegshi.sty
Package: atbegshi 2016/06/09 v1.18 At begin shipout hook (HO)

(/usr/share/texlive/texmf-dist/tex/generic/oberdiek/infwarerr.sty
Package: infwarerr 2016/05/16 v1.4 Providing info/warning/error messages (HO)
)
(/usr/share/texlive/texmf-dist/tex/generic/oberdiek/ltxcmds.sty
Package: ltxcmds 2016/05/16 v1.23 LaTeX kernel commands for general use (HO)
))
(/usr/share/texlive/texmf-dist/tex/latex/hyperref/hyperref.sty
Package: hyperref 2018/02/06 v6.86b Hypertext links for LaTeX

(/usr/share/texlive/texmf-dist/tex/generic/oberdiek/hobsub-hyperref.sty
Package: hobsub-hyperref 2016/05/16 v1.14 Bundle oberdiek, subset hyperref (HO)


(/usr/share/texlive/texmf-dist/tex/generic/oberdiek/hobsub-generic.sty
Package: hobsub-generic 2016/05/16 v1.14 Bundle oberdiek, subset generic (HO)
Package: hobsub 2016/05/16 v1.14 Construct package bundles (HO)
Package hobsub Info: Skipping package `infwarerr' (already loaded).
Package hobsub Info: Skipping package `ltxcmds' (already loaded).
Package: ifluatex 2016/05/16 v1.4 Provides the ifluatex switch (HO)
Package ifluatex Info: LuaTeX not detected.
Package hobsub Info: Skipping package `ifvtex' (already loaded).
Package: intcalc 2016/05/16 v1.2 Expandable calculations with integers (HO)
Package hobsub Info: Skipping package `ifpdf' (already loaded).
Package: etexcmds 2016/05/16 v1.6 Avoid name clashes with e-TeX commands (HO)
Package etexcmds Info: Could not find \expanded.
(etexcmds)             That can mean that you are not using pdfTeX 1.50 or
(etexcmds)             that some package has redefined \expanded.
(etexcmds)             In the latter case, load this package earlier.
Package: kvsetkeys 2016/05/16 v1.17 Key value parser (HO)
Package: kvdefinekeys 2016/05/16 v1.4 Define keys (HO)
Package: pdftexcmds 2018/01/21 v0.26 Utility functions of pdfTeX for LuaTeX (HO
)
Package pdftexcmds Info: LuaTeX not detected.
Package pdftexcmds Info: \pdf@primitive is available.
Package pdftexcmds Info: \pdf@ifprimitive is available.
Package pdftexcmds Info: \pdfdraftmode found.
Package: pdfescape 2016/05/16 v1.14 Implements pdfTeX's escape features (HO)
Package: bigintcalc 2016/05/16 v1.4 Expandable calculations on big integers (HO
)
Package: bitset 2016/05/16 v1.2 Handle bit-vector datatype (HO)
Package: uniquecounter 2016/05/16 v1.3 Provide unlimited unique counter (HO)
)
Package hobsub Info: Skipping package `hobsub' (already loaded).
Package: letltxmacro 2016/05/16 v1.5 Let assignment for LaTeX macros (HO)
Package: hopatch 2016/05/16 v1.3 Wrapper for package hooks (HO)
Package: xcolor-patch 2016/05/16 xcolor patch
Package: atveryend 2016/05/16 v1.9 Hooks at the very end of document (HO)
Package hobsub Info: Skipping package `atbegshi' (already loaded).
Package: refcount 2016/05/16 v3.5 Data extraction from label references (HO)
Package: hycolor 2016/05/16 v1.8 Color options for hyperref/bookmark (HO)
)
(/usr/share/texlive/texmf-dist/tex/latex/oberdiek/auxhook.sty
Package: auxhook 2016/05/16 v1.4 Hooks for auxiliary files (HO)
)
(/usr/share/texlive/texmf-dist/tex/latex/oberdiek/kvoptions.sty
Package: kvoptions 2016/05/16 v3.12 Key value format for package options (HO)
)
\@linkdim=\dimen163
\Hy@linkcounter=\count119
\Hy@pagecounter=\count120

(/usr/share/texlive/texmf-dist/tex/latex/hyperref/pd1enc.def
File: pd1enc.def 2018/02/06 v6.86b Hyperref: PDFDocEncoding definition (HO)
)
\Hy@SavedSpaceFactor=\count121

(/usr/share/texlive/texmf-dist/tex/latex/latexconfig/hyperref.cfg
File: hyperref.cfg 2002/06/06 v1.2 hyperref configuration of TeXLive
)
Package hyperref Info: Option `bookmarks' set `true' on input line 4383.
Package hyperref Info: Option `bookmarksopen' set `true' on input line 4383.
Package hyperref Info: Option `implicit' set `false' on input line 4383.
Package hyperref Info: Hyper figures OFF on input line 4509.
Package hyperref Info: Link nesting OFF on input line 4514.
Package hyperref Info: Hyper index ON on input line 4517.
Package hyperref Info: Plain pages OFF on input line 4524.
Package hyperref Info: Backreferencing OFF on input line 4529.
Package hyperref Info: Implicit mode OFF; no redefinition of LaTeX internals.
Package hyperref Info: Bookmarks ON on input line 4762.
\c@Hy@tempcnt=\count122

(/usr/share/texlive/texmf-dist/tex/latex/url/url.sty
\Urlmuskip=\muskip10
Package: url 2013/09/16  ver 3.4  Verb mode for urls, etc.
)
LaTeX Info: Redefining \url on input line 5115.
\XeTeXLinkMargin=\dimen164
\Fld@menulength=\count123
\Field@Width=\dimen165
\Fld@charsize=\dimen166
Package hyperref Info: Hyper figures OFF on input line 6369.
Package hyperref Info: Link nesting OFF on input line 6374.
Package hyperref Info: Hyper index ON on input line 6377.
Package hyperref Info: backreferencing OFF on input line 6384.
Package hyperref Info: Link coloring OFF on input line 6389.
Package hyperref Info: Link coloring with OCG OFF on input line 6394.
Package hyperref Info: PDF/A mode OFF on input line 6399.
LaTeX Info: Redefining \ref on input line 6439.
LaTeX Info: Redefining \pageref on input line 6443.
\Hy@abspage=\count124


Package hyperref Message: Stopped early.

)
Package hyperref Info: Driver (autodetected): hpdftex.
 (/usr/share/texlive/texmf-dist/tex/latex/hyperref/hpdftex.def
File: hpdftex.def 2018/02/06 v6.86b Hyperref driver for pdfTeX
\Fld@listcount=\count125
\c@bookmark@seq@number=\count126

(/usr/share/texlive/texmf-dist/tex/latex/oberdiek/rerunfilecheck.sty
Package: rerunfilecheck 2016/05/16 v1.8 Rerun checks for auxiliary files (HO)
Package uniquecounter Info: New unique counter `rerunfilecheck' on input line 2
82.
))
(/usr/share/texlive/texmf-dist/tex/latex/beamer/beamerbaserequires.sty
(/usr/share/texlive/texmf-dist/tex/latex/beamer/beamerbasecompatibility.sty)
(/usr/share/texlive/texmf-dist/tex/latex/beamer/beamerbasefont.sty
(/usr/share/texlive/texmf-dist/tex/latex/amsfonts/amssymb.sty
Package: amssymb 2013/01/14 v3.01 AMS font symbols

(/usr/share/texlive/texmf-dist/tex/latex/amsfonts/amsfonts.sty
Package: amsfonts 2013/01/14 v3.01 Basic AMSFonts support
\@emptytoks=\toks26
\symAMSa=\mathgroup4
\symAMSb=\mathgroup5
LaTeX Font Info:    Overwriting math alphabet `\mathfrak' in version `bold'
(Font)                  U/euf/m/n --> U/euf/b/n on input line 106.
)))
(/usr/share/texlive/texmf-dist/tex/latex/beamer/beamerbasetranslator.sty
(/usr/share/texlive/texmf-dist/tex/latex/translator/translator.sty
Package: translator 2018/01/04 v1.12 Easy translation of strings in LaTeX
))
(/usr/share/texlive/texmf-dist/tex/latex/beamer/beamerbasemisc.sty)
(/usr/share/texlive/texmf-dist/tex/latex/beamer/beamerbasetwoscreens.sty)
(/usr/share/texlive/texmf-dist/tex/latex/beamer/beamerbaseoverlay.sty
\beamer@argscount=\count127
\beamer@lastskipcover=\skip44
\beamer@trivlistdepth=\count128
)
(/usr/share/texlive/texmf-dist/tex/latex/beamer/beamerbasetitle.sty)
(/usr/share/texlive/texmf-dist/tex/latex/beamer/beamerbasesection.sty
\c@lecture=\count129
\c@part=\count130
\c@section=\count131
\c@subsection=\count132
\c@subsubsection=\count133
)
(/usr/share/texlive/texmf-dist/tex/latex/beamer/beamerbaseframe.sty
\beamer@framebox=\box40
\beamer@frametitlebox=\box41
\beamer@zoombox=\box42
\beamer@zoomcount=\count134
\beamer@zoomframecount=\count135
\beamer@frametextheight=\dimen167
\c@subsectionslide=\count136
\beamer@frametopskip=\skip45
\beamer@framebottomskip=\skip46
\beamer@frametopskipautobreak=\skip47
\beamer@framebottomskipautobreak=\skip48
\beamer@envbody=\toks27
\framewidth=\dimen168
\c@framenumber=\count137
)
(/usr/share/texlive/texmf-dist/tex/latex/beamer/beamerbaseverbatim.sty
\beamer@verbatimfileout=\write4
)
(/usr/share/texlive/texmf-dist/tex/latex/beamer/beamerbaseframesize.sty
\beamer@splitbox=\box43
\beamer@autobreakcount=\count138
\beamer@autobreaklastheight=\dimen169
\beamer@frametitletoks=\toks28
\beamer@framesubtitletoks=\toks29
)
(/usr/share/texlive/texmf-dist/tex/latex/beamer/beamerbaseframecomponents.sty
\beamer@footins=\box44
)
(/usr/share/texlive/texmf-dist/tex/latex/beamer/beamerbasecolor.sty
\beamer@bg@ht=\dimen170
\beamer@bg@wd=\dimen171
\beamer@bg@dp=\dimen172
)
(/usr/share/texlive/texmf-dist/tex/latex/beamer/beamerbasenotes.sty
\beamer@frameboxcopy=\box45
)
(/usr/share/texlive/texmf-dist/tex/latex/beamer/beamerbasetoc.sty)
(/usr/share/texlive/texmf-dist/tex/latex/beamer/beamerbasetemplates.sty
\beamer@sbttoks=\toks30

(/usr/share/texlive/texmf-dist/tex/latex/beamer/beamerbaseauxtemplates.sty
(/usr/share/texlive/texmf-dist/tex/latex/beamer/beamerbaseboxes.sty
\bmb@box=\box46
\bmb@colorbox=\box47
\bmb@boxshadow=\box48
\bmb@boxshadowball=\box49
\bmb@boxshadowballlarge=\box50
\bmb@temp=\dimen173
\bmb@dima=\dimen174
\bmb@dimb=\dimen175
\bmb@prevheight=\dimen176
)
\beamer@blockheadheight=\dimen177
))
(/usr/share/texlive/texmf-dist/tex/latex/beamer/beamerbaselocalstructure.sty
(/usr/share/texlive/texmf-dist/tex/latex/tools/enumerate.sty
Package: enumerate 2015/07/23 v3.00 enumerate extensions (DPC)
\@enLab=\toks31
)
\c@figure=\count139
\c@table=\count140
\abovecaptionskip=\skip49
\belowcaptionskip=\skip50
)
(/usr/share/texlive/texmf-dist/tex/latex/beamer/beamerbasenavigation.sty
\beamer@section@min@dim=\dimen178
)
(/usr/share/texlive/texmf-dist/tex/latex/beamer/beamerbasetheorems.sty
(/usr/share/texlive/texmf-dist/tex/latex/amsmath/amsmath.sty
Package: amsmath 2017/09/02 v2.17a AMS math features
\@mathmargin=\skip51

For additional information on amsmath, use the `?' option.
(/usr/share/texlive/texmf-dist/tex/latex/amsmath/amstext.sty
Package: amstext 2000/06/29 v2.01 AMS text

(/usr/share/texlive/texmf-dist/tex/latex/amsmath/amsgen.sty
File: amsgen.sty 1999/11/30 v2.0 generic functions
\@emptytoks=\toks32
\ex@=\dimen179
))
(/usr/share/texlive/texmf-dist/tex/latex/amsmath/amsbsy.sty
Package: amsbsy 1999/11/29 v1.2d Bold Symbols
\pmbraise@=\dimen180
)
(/usr/share/texlive/texmf-dist/tex/latex/amsmath/amsopn.sty
Package: amsopn 2016/03/08 v2.02 operator names
)
\inf@bad=\count141
LaTeX Info: Redefining \frac on input line 213.
\uproot@=\count142
\leftroot@=\count143
LaTeX Info: Redefining \overline on input line 375.
\classnum@=\count144
\DOTSCASE@=\count145
LaTeX Info: Redefining \ldots on input line 472.
LaTeX Info: Redefining \dots on input line 475.
LaTeX Info: Redefining \cdots on input line 596.
\Mathstrutbox@=\box51
\strutbox@=\box52
\big@size=\dimen181
LaTeX Font Info:    Redeclaring font encoding OML on input line 712.
LaTeX Font Info:    Redeclaring font encoding OMS on input line 713.
\macc@depth=\count146
\c@MaxMatrixCols=\count147
\dotsspace@=\muskip11
\c@parentequation=\count148
\dspbrk@lvl=\count149
\tag@help=\toks33
\row@=\count150
\column@=\count151
\maxfields@=\count152
\andhelp@=\toks34
\eqnshift@=\dimen182
\alignsep@=\dimen183
\tagshift@=\dimen184
\tagwidth@=\dimen185
\totwidth@=\dimen186
\lineht@=\dimen187
\@envbody=\toks35
\multlinegap=\skip52
\multlinetaggap=\skip53
\mathdisplay@stack=\toks36
LaTeX Info: Redefining \[ on input line 2817.
LaTeX Info: Redefining \] on input line 2818.
)
(/usr/share/texlive/texmf-dist/tex/latex/amscls/amsthm.sty
Package: amsthm 2017/10/31 v2.20.4
\thm@style=\toks37
\thm@bodyfont=\toks38
\thm@headfont=\toks39
\thm@notefont=\toks40
\thm@headpunct=\toks41
\thm@preskip=\skip54
\thm@postskip=\skip55
\thm@headsep=\skip56
\dth@everypar=\toks42
)
\c@theorem=\count153
)
(/usr/share/texlive/texmf-dist/tex/latex/beamer/beamerbasethemes.sty))
(/usr/share/texlive/texmf-dist/tex/latex/beamer/beamerthemedefault.sty
(/usr/share/texlive/texmf-dist/tex/latex/beamer/beamerfontthemedefault.sty)
(/usr/share/texlive/texmf-dist/tex/latex/beamer/beamercolorthemedefault.sty)
(/usr/share/texlive/texmf-dist/tex/latex/beamer/beamerinnerthemedefault.sty
\beamer@dima=\dimen188
\beamer@dimb=\dimen189
)
(/usr/share/texlive/texmf-dist/tex/latex/beamer/beamerouterthemedefault.sty)))
(/usr/share/texlive/texmf-dist/tex/latex/beamer/beamerthemeWarsaw.sty
(/usr/share/texlive/texmf-dist/tex/latex/beamer/beamerinnerthemerounded.sty)
(/usr/share/texlive/texmf-dist/tex/latex/beamer/beamerouterthemeshadow.sty
(/usr/share/texlive/texmf-dist/tex/latex/beamer/beamerouterthemesplit.sty))
(/usr/share/texlive/texmf-dist/tex/latex/beamer/beamercolorthemeorchid.sty)
(/usr/share/texlive/texmf-dist/tex/latex/beamer/beamercolorthemewhale.sty))
(/usr/share/texlive/texmf-dist/tex/latex/base/inputenc.sty
Package: inputenc 2015/03/17 v1.2c Input encoding file
\inpenc@prehook=\toks43
\inpenc@posthook=\toks44
)
(/usr/share/texlive/texmf-dist/tex/latex/tasks/tasks.sty
(/usr/share/texlive/texmf-dist/tex/latex/l3kernel/expl3.sty
Package: expl3 2018/02/21 L3 programming layer (loader) 

(/usr/share/texlive/texmf-dist/tex/latex/l3kernel/expl3-code.tex
Package: expl3 2018/02/21 L3 programming layer (code)
\c_max_int=\count154
\l_tmpa_int=\count155
\l_tmpb_int=\count156
\g_tmpa_int=\count157
\g_tmpb_int=\count158
\g__intarray_font_int=\count159
\g__prg_map_int=\count160
\c_log_iow=\count161
\l_iow_line_count_int=\count162
\l__iow_line_target_int=\count163
\l__iow_one_indent_int=\count164
\l__iow_indent_int=\count165
\c_zero_dim=\dimen190
\c_max_dim=\dimen191
\l_tmpa_dim=\dimen192
\l_tmpb_dim=\dimen193
\g_tmpa_dim=\dimen194
\g_tmpb_dim=\dimen195
\c_zero_skip=\skip57
\c_max_skip=\skip58
\l_tmpa_skip=\skip59
\l_tmpb_skip=\skip60
\g_tmpa_skip=\skip61
\g_tmpb_skip=\skip62
\c_zero_muskip=\muskip12
\c_max_muskip=\muskip13
\l_tmpa_muskip=\muskip14
\l_tmpb_muskip=\muskip15
\g_tmpa_muskip=\muskip16
\g_tmpb_muskip=\muskip17
\l_keys_choice_int=\count166
\c__fp_leading_shift_int=\count167
\c__fp_middle_shift_int=\count168
\c__fp_trailing_shift_int=\count169
\c__fp_big_leading_shift_int=\count170
\c__fp_big_middle_shift_int=\count171
\c__fp_big_trailing_shift_int=\count172
\c__fp_Bigg_leading_shift_int=\count173
\c__fp_Bigg_middle_shift_int=\count174
\c__fp_Bigg_trailing_shift_int=\count175
\c__fp_rand_size_int=\count176
\c__fp_rand_four_int=\count177
\c__fp_rand_eight_int=\count178
\l__sort_length_int=\count179
\l__sort_min_int=\count180
\l__sort_top_int=\count181
\l__sort_max_int=\count182
\l__sort_true_max_int=\count183
\l__sort_block_int=\count184
\l__sort_begin_int=\count185
\l__sort_end_int=\count186
\l__sort_A_int=\count187
\l__sort_B_int=\count188
\l__sort_C_int=\count189
\l__tl_build_start_index_int=\count190
\l__tl_build_index_int=\count191
\l__tl_analysis_normal_int=\count192
\l__tl_analysis_index_int=\count193
\l__tl_analysis_nesting_int=\count194
\l__tl_analysis_type_int=\count195
\l__regex_internal_a_int=\count196
\l__regex_internal_b_int=\count197
\l__regex_internal_c_int=\count198
\l__regex_balance_int=\count199
\l__regex_group_level_int=\count266
\l__regex_mode_int=\count267
\c__regex_cs_in_class_mode_int=\count268
\c__regex_cs_mode_int=\count269
\l__regex_catcodes_int=\count270
\l__regex_default_catcodes_int=\count271
\c__regex_catcode_D_int=\count272
\c__regex_catcode_S_int=\count273
\c__regex_catcode_L_int=\count274
\c__regex_catcode_O_int=\count275
\c__regex_catcode_A_int=\count276
\c__regex_all_catcodes_int=\count277
\l__regex_show_lines_int=\count278
\l__regex_min_state_int=\count279
\l__regex_max_state_int=\count280
\l__regex_left_state_int=\count281
\l__regex_right_state_int=\count282
\l__regex_capturing_group_int=\count283
\l__regex_min_pos_int=\count284
\l__regex_max_pos_int=\count285
\l__regex_curr_pos_int=\count286
\l__regex_start_pos_int=\count287
\l__regex_success_pos_int=\count288
\l__regex_curr_char_int=\count289
\l__regex_curr_catcode_int=\count290
\l__regex_last_char_int=\count291
\l__regex_case_changed_char_int=\count292
\l__regex_curr_state_int=\count293
\l__regex_step_int=\count294
\l__regex_min_active_int=\count295
\l__regex_max_active_int=\count296
\l__regex_replacement_csnames_int=\count297
\l__regex_match_count_int=\count298
\l__regex_min_submatch_int=\count299
\l__regex_submatch_int=\count300
\l__regex_zeroth_submatch_int=\count301
\g__regex_trace_regex_int=\count302
\c_empty_box=\box53
\l_tmpa_box=\box54
\l_tmpb_box=\box55
\g_tmpa_box=\box56
\g_tmpb_box=\box57
\l__box_top_dim=\dimen196
\l__box_bottom_dim=\dimen197
\l__box_left_dim=\dimen198
\l__box_right_dim=\dimen199
\l__box_top_new_dim=\dimen256
\l__box_bottom_new_dim=\dimen257
\l__box_left_new_dim=\dimen258
\l__box_right_new_dim=\dimen259
\l__box_internal_box=\box58
\l__coffin_internal_box=\box59
\l__coffin_internal_dim=\dimen260
\l__coffin_offset_x_dim=\dimen261
\l__coffin_offset_y_dim=\dimen262
\l__coffin_x_dim=\dimen263
\l__coffin_y_dim=\dimen264
\l__coffin_x_prime_dim=\dimen265
\l__coffin_y_prime_dim=\dimen266
\c_empty_coffin=\box60
\l__coffin_aligned_coffin=\box61
\l__coffin_aligned_internal_coffin=\box62
\l_tmpa_coffin=\box63
\l_tmpb_coffin=\box64
\l__coffin_display_coffin=\box65
\l__coffin_display_coord_coffin=\box66
\l__coffin_display_pole_coffin=\box67
\l__coffin_display_offset_dim=\dimen267
\l__coffin_display_x_dim=\dimen268
\l__coffin_display_y_dim=\dimen269
\l__coffin_bounding_shift_dim=\dimen270
\l__coffin_left_corner_dim=\dimen271
\l__coffin_right_corner_dim=\dimen272
\l__coffin_bottom_corner_dim=\dimen273
\l__coffin_top_corner_dim=\dimen274
\l__coffin_scaled_total_height_dim=\dimen275
\l__coffin_scaled_width_dim=\dimen276
)
(/usr/share/texlive/texmf-dist/tex/latex/l3kernel/l3pdfmode.def
File: l3pdfmode.def 2017/03/18 v L3 Experimental driver: PDF mode
\l__driver_color_stack_int=\count303
\l__driver_tmp_box=\box68
))
(/usr/share/texlive/texmf-dist/tex/latex/l3packages/xparse/xparse.sty
Package: xparse 2018/02/21 L3 Experimental document command parser
\l__xparse_current_arg_int=\count304
\g__xparse_grabber_int=\count305
\l__xparse_m_args_int=\count306
\l__xparse_mandatory_args_int=\count307
\l__xparse_v_nesting_int=\count308
)
(/usr/share/texlive/texmf-dist/tex/latex/eepic/epic.sty
Enhancements to Picture Environment. Version 1.2 - Released June 1, 1986
\@@multicnt=\count309
\d@lta=\count310
\@delta=\dimen277
\@@delta=\dimen278
\@gridcnt=\count311
\@joinkind=\count312
\@dotgap=\dimen279
\@ddotgap=\dimen280
\@x@diff=\count313
\@y@diff=\count314
\x@diff=\dimen281
\y@diff=\dimen282
\@dotbox=\box69
\num@segments=\count315
\num@segmentsi=\count316
\@datafile=\read2
) (/usr/share/texlive/texmf-dist/tex/latex/cntformats/cntformats.sty
Package: cntformats 2014/07/20 v0.7 A different way to read counters. (CN)

(/usr/share/texlive/texmf-dist/tex/latex/cnltx/cnltx-base.sty
Package: cnltx-base 2015/08/17 v0.13 LaTeX tools and documenting facilities (CN
)

(/usr/share/texlive/texmf-dist/tex/latex/pgfopts/pgfopts.sty
Package: pgfopts 2014/07/10 v2.1a LaTeX package options with pgfkeys

(/usr/share/texlive/texmf-dist/tex/latex/pgf/utilities/pgfkeys.sty
(/usr/share/texlive/texmf-dist/tex/generic/pgf/utilities/pgfkeys.code.tex))
\pgfopts@list@add@a@toks=\toks45
\pgfopts@list@add@b@toks=\toks46
)
\c@cnltx@tmpa=\count317
\c@cnltx@tmpb=\count318
\c@cnltx@tmpc=\count319
\cnltx@tmpa@length=\skip63
\cnltx@tmpb@length=\skip64
\cnltx@tmpc@length=\skip65

(/usr/share/texlive/texmf-dist/tex/latex/trimspaces/trimspaces.sty
Package: trimspaces 2009/09/17 v1.1 Trim spaces around a token list
)))
(/usr/share/texlive/texmf-dist/tex/latex/l3packages/xtemplate/xtemplate.sty
Package: xtemplate 2018/02/21 L3 Experimental prototype document functions
\l__xtemplate_tmp_dim=\dimen283
\l__xtemplate_tmp_int=\count320
\l__xtemplate_tmp_muskip=\muskip18
\l__xtemplate_tmp_skip=\skip66
)
(/usr/share/texlive/texmf-dist/tex/latex/environ/environ.sty
Package: environ 2014/05/04 v0.3 A new way to define environments
)
Package: tasks 2016/08/13 v0.12 Horizontalcolumnedlists (CN)
\l__tasks_depth_int=\count321
\g__tasks_int=\count322
\g__tasks_total_items_int=\count323
\l__tasks_columns_int=\count324
\l__tasks_rows_int=\count325
\g__tasks_current_col_num_int=\count326
\g__tasks_current_row_num_int=\count327
\l__tasks_item_columns_int=\count328
\l__tasks_item_indent_dim=\dimen284
\l__tasks_item_default_indent_dim=\dimen285
\l__tasks_item_width_dim=\dimen286
\l__tasks_label_width_dim=\dimen287
\l__tasks_label_default_width_dim=\dimen288
\l__tasks_label_offset_dim=\dimen289
\l__tasks_label_default_offset_dim=\dimen290
\l__tasks_column_sep_dim=\dimen291
\l__tasks_after_item_skip=\skip67
\l__tasks_custom_after_item_skip=\skip68
\l__tasks_before_list_skip=\skip69
\l__tasks_after_list_skip=\skip70
\l__tasks_item_coffin=\box70
\l__tasks_label_coffin=\box71
\c@task=\count329
\l__tasks_tmpa_int=\count330
\l__tasks_tmpb_int=\count331
\l__tasks_tmpa_coffin=\box72
.................................................
. xtemplate info: "declare-object-type"
. 
. Declaring object type 'tasks' taking 3 argument(s) on line 379.
.................................................
\l__tasks_choice_width_dim=\dimen292
\l__tasks_choice_linewidth_dim=\dimen293
\l__tasks_choice_checkwidth_dim=\dimen294
\l__tasks_choice_raise_dim=\dimen295
.................................................
. LaTeX info: "xparse/define-command"
. 
. Defining command \startnewitemline with sig. '' on line 692.
.................................................
.................................................
. LaTeX info: "xparse/define-command"
. 
. Defining command \NewTasks with sig. 'O{}mO{\task }D(){1}' on line 701.
.................................................
.................................................
. LaTeX info: "xparse/define-command"
. 
. Defining command \RenewTasks with sig. 'O{}mO{\task }D(){1}' on line 708.
.................................................
.................................................
. LaTeX info: "xparse/define-environment"
. 
. Defining environment 'tasks' with sig. 'O{}D(){1}' on line 714.
.................................................
\g__file_internal_ior=\read3

(/usr/share/texlive/texmf-dist/tex/latex/tasks/tasks.cfg
File: tasks.cfg 2016/08/13 v0.12 tasks instances
)
.................................................
. LaTeX info: "xparse/define-command"
. 
. Defining command \settasks with sig. 'm' on line 722.
.................................................
)

Package hyperref Warning: Token not allowed in a PDF string (PDFDocEncoding):
(hyperref)                removing `\\' on input line 37.

(./FormalLLVMConcur.aux)
\openout1 = `FormalLLVMConcur.aux'.

LaTeX Font Info:    Checking defaults for OML/cmm/m/it on input line 39.
LaTeX Font Info:    ... okay on input line 39.
LaTeX Font Info:    Checking defaults for T1/cmr/m/n on input line 39.
LaTeX Font Info:    ... okay on input line 39.
LaTeX Font Info:    Checking defaults for OT1/cmr/m/n on input line 39.
LaTeX Font Info:    ... okay on input line 39.
LaTeX Font Info:    Checking defaults for OMS/cmsy/m/n on input line 39.
LaTeX Font Info:    ... okay on input line 39.
LaTeX Font Info:    Checking defaults for OMX/cmex/m/n on input line 39.
LaTeX Font Info:    ... okay on input line 39.
LaTeX Font Info:    Checking defaults for U/cmr/m/n on input line 39.
LaTeX Font Info:    ... okay on input line 39.
LaTeX Font Info:    Checking defaults for PD1/pdf/m/n on input line 39.
LaTeX Font Info:    ... okay on input line 39.

*geometry* driver: auto-detecting
*geometry* detected driver: pdftex
*geometry* verbose mode - [ preamble ] result:
* driver: pdftex
* paper: custom
* layout: <same size as paper>
* layoutoffset:(h,v)=(0.0pt,0.0pt)
* modes: includehead includefoot 
* h-part:(L,W,R)=(28.45274pt, 307.28987pt, 28.45274pt)
* v-part:(T,H,B)=(0.0pt, 273.14662pt, 0.0pt)
* \paperwidth=364.19536pt
* \paperheight=273.14662pt
* \textwidth=307.28989pt
* \textheight=244.6939pt
* \oddsidemargin=-43.81725pt
* \evensidemargin=-43.81725pt
* \topmargin=-72.26999pt
* \headheight=14.22636pt
* \headsep=0.0pt
* \topskip=11.0pt
* \footskip=14.22636pt
* \marginparwidth=4.0pt
* \marginparsep=10.0pt
* \columnsep=10.0pt
* \skip\footins=10.0pt plus 4.0pt minus 2.0pt
* \hoffset=0.0pt
* \voffset=0.0pt
* \mag=1000
* \@twocolumnfalse
* \@twosidefalse
* \@mparswitchfalse
* \@reversemarginfalse
* (1in=72.27pt=25.4mm, 1cm=28.453pt)

(/usr/share/texlive/texmf-dist/tex/context/base/mkii/supp-pdf.mkii
[Loading MPS to PDF converter (version 2006.09.02).]
\scratchcounter=\count332
\scratchdimen=\dimen296
\scratchbox=\box73
\nofMPsegments=\count333
\nofMParguments=\count334
\everyMPshowfont=\toks47
\MPscratchCnt=\count335
\MPscratchDim=\dimen297
\MPnumerator=\count336
\makeMPintoPDFobject=\count337
\everyMPtoPDFconversion=\toks48
) (/usr/share/texlive/texmf-dist/tex/latex/oberdiek/epstopdf-base.sty
Package: epstopdf-base 2016/05/15 v2.6 Base part for package epstopdf

(/usr/share/texlive/texmf-dist/tex/latex/oberdiek/grfext.sty
Package: grfext 2016/05/16 v1.2 Manage graphics extensions (HO)
)
Package epstopdf-base Info: Redefining graphics rule for `.eps' on input line 4
38.
Package grfext Info: Graphics extension search list:
(grfext)             [.pdf,.png,.jpg,.mps,.jpeg,.jbig2,.jb2,.PDF,.PNG,.JPG,.JPE
G,.JBIG2,.JB2,.eps]
(grfext)             \AppendGraphicsExtensions on input line 456.

(/usr/share/texlive/texmf-dist/tex/latex/latexconfig/epstopdf-sys.cfg
File: epstopdf-sys.cfg 2010/07/13 v1.3 Configuration of (r)epstopdf for TeX Liv
e
))
ABD: EveryShipout initializing macros
\AtBeginShipoutBox=\box74
Package hyperref Info: Link coloring OFF on input line 39.

(/usr/share/texlive/texmf-dist/tex/latex/hyperref/nameref.sty
Package: nameref 2016/05/21 v2.44 Cross-referencing by name of section

(/usr/share/texlive/texmf-dist/tex/generic/oberdiek/gettitlestring.sty
Package: gettitlestring 2016/05/16 v1.5 Cleanup title references (HO)
)
\c@section@level=\count338
)
LaTeX Info: Redefining \ref on input line 39.
LaTeX Info: Redefining \pageref on input line 39.
LaTeX Info: Redefining \nameref on input line 39.

(./FormalLLVMConcur.out) (./FormalLLVMConcur.out)
\@outlinefile=\write5
\openout5 = `FormalLLVMConcur.out'.

LaTeX Font Info:    Overwriting symbol font `operators' in version `normal'
(Font)                  OT1/cmr/m/n --> OT1/cmss/m/n on input line 39.
LaTeX Font Info:    Overwriting symbol font `operators' in version `bold'
(Font)                  OT1/cmr/bx/n --> OT1/cmss/bx/n on input line 39.
\symnumbers=\mathgroup6
\sympureletters=\mathgroup7
LaTeX Font Info:    Overwriting math alphabet `\mathrm' in version `normal'
(Font)                  OT1/cmss/m/n --> OT1/cmr/m/n on input line 39.
LaTeX Font Info:    Redeclaring math alphabet \mathbf on input line 39.
LaTeX Font Info:    Overwriting math alphabet `\mathbf' in version `normal'
(Font)                  OT1/cmr/bx/n --> OT1/cmss/bx/n on input line 39.
LaTeX Font Info:    Overwriting math alphabet `\mathbf' in version `bold'
(Font)                  OT1/cmr/bx/n --> OT1/cmss/bx/n on input line 39.
LaTeX Font Info:    Redeclaring math alphabet \mathsf on input line 39.
LaTeX Font Info:    Overwriting math alphabet `\mathsf' in version `normal'
(Font)                  OT1/cmss/m/n --> OT1/cmss/m/n on input line 39.
LaTeX Font Info:    Overwriting math alphabet `\mathsf' in version `bold'
(Font)                  OT1/cmss/bx/n --> OT1/cmss/m/n on input line 39.
LaTeX Font Info:    Redeclaring math alphabet \mathit on input line 39.
LaTeX Font Info:    Overwriting math alphabet `\mathit' in version `normal'
(Font)                  OT1/cmr/m/it --> OT1/cmss/m/it on input line 39.
LaTeX Font Info:    Overwriting math alphabet `\mathit' in version `bold'
(Font)                  OT1/cmr/bx/it --> OT1/cmss/m/it on input line 39.
LaTeX Font Info:    Redeclaring math alphabet \mathtt on input line 39.
LaTeX Font Info:    Overwriting math alphabet `\mathtt' in version `normal'
(Font)                  OT1/cmtt/m/n --> OT1/cmtt/m/n on input line 39.
LaTeX Font Info:    Overwriting math alphabet `\mathtt' in version `bold'
(Font)                  OT1/cmtt/m/n --> OT1/cmtt/m/n on input line 39.
LaTeX Font Info:    Overwriting symbol font `numbers' in version `bold'
(Font)                  OT1/cmss/m/n --> OT1/cmss/bx/n on input line 39.
LaTeX Font Info:    Overwriting symbol font `pureletters' in version `bold'
(Font)                  OT1/cmss/m/it --> OT1/cmss/bx/it on input line 39.
LaTeX Font Info:    Overwriting math alphabet `\mathrm' in version `bold'
(Font)                  OT1/cmss/bx/n --> OT1/cmr/bx/n on input line 39.
LaTeX Font Info:    Overwriting math alphabet `\mathbf' in version `bold'
(Font)                  OT1/cmss/bx/n --> OT1/cmss/bx/n on input line 39.
LaTeX Font Info:    Overwriting math alphabet `\mathsf' in version `bold'
(Font)                  OT1/cmss/m/n --> OT1/cmss/bx/n on input line 39.
LaTeX Font Info:    Overwriting math alphabet `\mathit' in version `bold'
(Font)                  OT1/cmss/m/it --> OT1/cmss/bx/it on input line 39.
LaTeX Font Info:    Overwriting math alphabet `\mathtt' in version `bold'
(Font)                  OT1/cmtt/m/n --> OT1/cmtt/bx/n on input line 39.

(/usr/share/texlive/texmf-dist/tex/latex/translator/translator-basic-dictionary
-English.dict
Dictionary: translator-basic-dictionary, Language: English 
)
(/usr/share/texlive/texmf-dist/tex/latex/translator/translator-bibliography-dic
tionary-English.dict
Dictionary: translator-bibliography-dictionary, Language: English 
)
(/usr/share/texlive/texmf-dist/tex/latex/translator/translator-environment-dict
ionary-English.dict
Dictionary: translator-environment-dictionary, Language: English 
)
(/usr/share/texlive/texmf-dist/tex/latex/translator/translator-months-dictionar
y-English.dict
Dictionary: translator-months-dictionary, Language: English 
)
(/usr/share/texlive/texmf-dist/tex/latex/translator/translator-numbers-dictiona
ry-English.dict
Dictionary: translator-numbers-dictionary, Language: English 
)
(/usr/share/texlive/texmf-dist/tex/latex/translator/translator-theorem-dictiona
ry-English.dict
Dictionary: translator-theorem-dictionary, Language: English 
) (./FormalLLVMConcur.nav)
Overfull \hbox (1.6074pt too wide) in paragraph at lines 39--39
 [][][][] 
 []


Overfull \hbox (1.6074pt too wide) has occurred while \output is active
 [][][][] 
 []

[1

{/var/lib/texmf/fonts/map/pdftex/updmap/pdftex.map}]
Underfull \hbox (badness 10000) detected at line 56
 [] 
 []


Overfull \hbox (1.6074pt too wide) has occurred while \output is active
 [][][][] 
 []

[2

]
Underfull \hbox (badness 10000) detected at line 69
 [] 
 []


Overfull \hbox (1.6074pt too wide) has occurred while \output is active
 [][][][] 
 []

[3

]
Underfull \hbox (badness 10000) detected at line 81
 [] 
 []


Overfull \hbox (1.6074pt too wide) has occurred while \output is active
 [][][][] 
 []

[4

]
LaTeX Font Info:    Try loading font information for U+msa on input line 96.
 (/usr/share/texlive/texmf-dist/tex/latex/amsfonts/umsa.fd
File: umsa.fd 2013/01/14 v3.01 AMS symbols A
)
LaTeX Font Info:    Try loading font information for U+msb on input line 96.

(/usr/share/texlive/texmf-dist/tex/latex/amsfonts/umsb.fd
File: umsb.fd 2013/01/14 v3.01 AMS symbols B
)
Underfull \hbox (badness 10000) detected at line 96
 [] 
 []


Overfull \hbox (1.6074pt too wide) has occurred while \output is active
 [][][][] 
 []

[5

]
<EX_SEQ.PNG, id=165, 246.32025pt x 33.12375pt>
File: EX_SEQ.PNG Graphic file (type png)
<use EX_SEQ.PNG>
Package pdftex.def Info: EX_SEQ.PNG  used on input line 109.
(pdftex.def)             Requested size: 172.42299pt x 23.18645pt.

Underfull \hbox (badness 10000) detected at line 109
 [] 
 []


Overfull \hbox (1.6074pt too wide) has occurred while \output is active
 [][][][] 
 []

[6

 <./EX_SEQ.PNG>]
Underfull \hbox (badness 10000) detected at line 118
 [] 
 []


Overfull \hbox (1.6074pt too wide) has occurred while \output is active
 [][][][] 
 []

[7

]
<EX_CONCUR.PNG, id=221, 324.61275pt x 72.27pt>
File: EX_CONCUR.PNG Graphic file (type png)
<use EX_CONCUR.PNG>
Package pdftex.def Info: EX_CONCUR.PNG  used on input line 133.
(pdftex.def)             Requested size: 227.22736pt x 50.58864pt.

Underfull \hbox (badness 10000) detected at line 133
 [] 
 []


Overfull \hbox (1.6074pt too wide) has occurred while \output is active
 [][][][] 
 []

[8

 <./EX_CONCUR.PNG>]
Underfull \hbox (badness 10000) detected at line 153
 [] 
 []


Overfull \hbox (1.6074pt too wide) has occurred while \output is active
 [][][][] 
 []

[9

]
Underfull \hbox (badness 10000) detected at line 168
 [] 
 []


Overfull \hbox (1.6074pt too wide) has occurred while \output is active
 [][][][] 
 []

[10

]
<AUX_DEF_ORDERS.PNG, id=304, 370.986pt x 77.088pt>
File: AUX_DEF_ORDERS.PNG Graphic file (type png)
<use AUX_DEF_ORDERS.PNG>
Package pdftex.def Info: AUX_DEF_ORDERS.PNG  used on input line 184.
(pdftex.def)             Requested size: 259.68842pt x 53.96121pt.

Underfull \hbox (badness 10000) detected at line 184
 [] 
 []


Overfull \hbox (1.6074pt too wide) has occurred while \output is active
 [][][][] 
 []

[11

 <./AUX_DEF_ORDERS.PNG>]
<EVENT_STRUCTURE_RULES1.PNG, id=332, 358.33875pt x 246.9225pt>
File: EVENT_STRUCTURE_RULES1.PNG Graphic file (type png)
<use EVENT_STRUCTURE_RULES1.PNG>
Package pdftex.def Info: EVENT_STRUCTURE_RULES1.PNG  used on input line 200.
(pdftex.def)             Requested size: 250.83542pt x 172.84456pt.
<EVENT_STRUCTURE_RULES2.PNG, id=333, 361.35pt x 154.176pt>
File: EVENT_STRUCTURE_RULES2.PNG Graphic file (type png)
<use EVENT_STRUCTURE_RULES2.PNG>
Package pdftex.def Info: EVENT_STRUCTURE_RULES2.PNG  used on input line 200.
(pdftex.def)             Requested size: 252.94327pt x 107.92244pt.

Underfull \hbox (badness 10000) detected at line 200
 [] 
 []


Overfull \vbox (72.2246pt too high) detected at line 200
 []


Overfull \hbox (1.6074pt too wide) has occurred while \output is active
 [][][][] 
 []

[12

 <./EVENT_STRUCTURE_RULES1.PNG> <./EVENT_STRUCTURE_RULES2.PNG>]
Underfull \hbox (badness 10000) detected at line 212
 [] 
 []


Overfull \hbox (1.6074pt too wide) has occurred while \output is active
 [][][][] 
 []

[13

]
Underfull \hbox (badness 10000) detected at line 225
 [] 
 []


Overfull \hbox (1.6074pt too wide) has occurred while \output is active
 [][][][] 
 []

[14

]
LaTeX Font Info:    Try loading font information for OMS+cmss on input line 237
.
LaTeX Font Info:    No file OMScmss.fd. on input line 237.


LaTeX Font Warning: Font shape `OMS/cmss/m/n' undefined
(Font)              using `OMS/cmsy/m/n' instead
(Font)              for symbol `textbackslash' on input line 237.


Underfull \hbox (badness 10000) detected at line 237
 [] 
 []


Overfull \hbox (1.6074pt too wide) has occurred while \output is active
 [][][][] 
 []

[15

] [16

]
Underfull \hbox (badness 10000) detected at line 258
 [] 
 []


Overfull \hbox (1.6074pt too wide) has occurred while \output is active
 [][][][] 
 []

[17

] [18

]
Underfull \hbox (badness 10000) detected at line 272
 [] 
 []


Overfull \hbox (1.6074pt too wide) has occurred while \output is active
 [][][][] 
 []

[19

] [20

]
Underfull \hbox (badness 10000) detected at line 295
 [] 
 []


Overfull \hbox (1.6074pt too wide) has occurred while \output is active
 [][][][] 
 []

[21

] [22

]
Underfull \hbox (badness 10000) detected at line 314
 [] 
 []


Overfull \hbox (1.6074pt too wide) has occurred while \output is active
 [][][][] 
 []

[23

] [24

]
<CONSISTENT_EVENT_STRUCTURE.PNG, id=581, 307.1475pt x 73.4745pt>
File: CONSISTENT_EVENT_STRUCTURE.PNG Graphic file (type png)
<use CONSISTENT_EVENT_STRUCTURE.PNG>
Package pdftex.def Info: CONSISTENT_EVENT_STRUCTURE.PNG  used on input line 336
.
(pdftex.def)             Requested size: 215.00177pt x 51.43178pt.

Underfull \hbox (badness 10000) detected at line 336
 [] 
 []


Overfull \hbox (1.6074pt too wide) has occurred while \output is active
 [][][][] 
 []

[25

 <./CONSISTENT_EVENT_STRUCTURE.PNG>] [26

]
Underfull \hbox (badness 10000) detected at line 354
 [] 
 []


Overfull \hbox (1.6074pt too wide) has occurred while \output is active
 [][][][] 
 []

[27

]

! Package amsmath Error: \tag not allowed here.

See the amsmath package documentation for explanation.
Type  H <return>  for immediate help.
 ...                                              
                                                  
l.368     \end{frame}
                     
? 

! Package amsmath Error: \tag not allowed here.

See the amsmath package documentation for explanation.
Type  H <return>  for immediate help.
 ...                                              
                                                  
l.368     \end{frame}
                     
? 

Underfull \hbox (badness 10000) detected at line 368
 [] 
 []


Overfull \hbox (1.6074pt too wide) has occurred while \output is active
 [][][][] 
 []

[28

] [29

]
Underfull \hbox (badness 10000) detected at line 387
 [] 
 []


Overfull \hbox (1.6074pt too wide) has occurred while \output is active
 [][][][] 
 []

[30

]

LaTeX Warning: Reference `Lemma1' on page 31 undefined on input line 402.


LaTeX Warning: Reference `Lemma2' on page 31 undefined on input line 402.


Underfull \hbox (badness 10000) detected at line 402
 [] 
 []


Overfull \hbox (1.6074pt too wide) has occurred while \output is active
 [][][][] 
 []

[31

] [32

]
Underfull \hbox (badness 10000) detected at line 415
 [] 
 []


Overfull \hbox (1.6074pt too wide) has occurred while \output is active
 [][][][] 
 []

[33

]
Underfull \hbox (badness 10000) detected at line 428
 [] 
 []


Overfull \hbox (1.6074pt too wide) has occurred while \output is active
 [][][][] 
 []

[34

] [35

]
Underfull \hbox (badness 10000) detected at line 460
 [] 
 []


Overfull \hbox (1.6074pt too wide) has occurred while \output is active
 [][][][] 
 []

[36

] [37

]
Underfull \hbox (badness 10000) detected at line 480
 [] 
 []


Overfull \hbox (1.6074pt too wide) has occurred while \output is active
 [][][][] 
 []

[38

] [39

]
Underfull \hbox (badness 10000) detected at line 502
 [] 
 []


Overfull \hbox (1.6074pt too wide) has occurred while \output is active
 [][][][] 
 []

[40

]
Underfull \hbox (badness 10000) detected at line 519
 [] 
 []


Overfull \hbox (1.6074pt too wide) has occurred while \output is active
 [][][][] 
 []

[41

]
Underfull \hbox (badness 10000) detected at line 527
 [] 
 []


Overfull \hbox (1.6074pt too wide) has occurred while \output is active
 [][][][] 
 []

[42

] [43

]
Underfull \hbox (badness 10000) detected at line 546
 [] 
 []


Overfull \hbox (1.6074pt too wide) has occurred while \output is active
 [][][][] 
 []

[44

]
Underfull \hbox (badness 10000) detected at line 554
 [] 
 []


Overfull \hbox (1.6074pt too wide) has occurred while \output is active
 [][][][] 
 []

[45

] [46

]
Underfull \hbox (badness 10000) detected at line 569
 [] 
 []


Overfull \hbox (1.6074pt too wide) has occurred while \output is active
 [][][][] 
 []

[47

]
Underfull \hbox (badness 10000) detected at line 584
 [] 
 []


Overfull \hbox (1.6074pt too wide) has occurred while \output is active
 [][][][] 
 []

[48

] [49

]
Underfull \hbox (badness 10000) detected at line 595
 [] 
 []


Overfull \hbox (1.6074pt too wide) has occurred while \output is active
 [][][][] 
 []

[50

]
\tf@nav=\write6
\openout6 = `FormalLLVMConcur.nav'.

\tf@toc=\write7
\openout7 = `FormalLLVMConcur.toc'.

\tf@snm=\write8
\openout8 = `FormalLLVMConcur.snm'.

Package atveryend Info: Empty hook `BeforeClearDocument' on input line 598.
Package atveryend Info: Empty hook `AfterLastShipout' on input line 598.
 (./FormalLLVMConcur.aux)
Package atveryend Info: Executing hook `AtVeryEndDocument' on input line 598.
Package atveryend Info: Executing hook `AtEndAfterFileList' on input line 598.
Package rerunfilecheck Info: File `FormalLLVMConcur.out' has not changed.
(rerunfilecheck)             Checksum: D41D8CD98F00B204E9800998ECF8427E;0.


LaTeX Font Warning: Some font shapes were not available, defaults substituted.


LaTeX Warning: There were undefined references.

 ) 
Here is how much of TeX's memory you used:
 26415 strings out of 494923
 522238 string characters out of 6180742
 573601 words of memory out of 5000000
 29177 multiletter control sequences out of 15000+600000
 541152 words of font info for 62 fonts, out of 8000000 for 9000
 14 hyphenation exceptions out of 8191
 48i,15n,57p,10362b,592s stack positions out of 5000i,500n,10000p,200000b,80000s
pdfTeX warning (dest): name{Lemma2} has been referenced but does not exist, r
eplaced by a fixed one

pdfTeX warning (dest): name{Lemma1} has been referenced but does not exist, rep
laced by a fixed one

</usr/share/texlive/texmf-dist/fonts/type1/public/amsfonts/cm/cmmi10.pfb></usr/
share/texlive/texmf-dist/fonts/type1/public/amsfonts/cm/cmss10.pfb></usr/share/
texlive/texmf-dist/fonts/type1/public/amsfonts/cm/cmss12.pfb></usr/share/texliv
e/texmf-dist/fonts/type1/public/amsfonts/cm/cmss8.pfb></usr/share/texlive/texmf
-dist/fonts/type1/public/amsfonts/cm/cmss9.pfb></usr/share/texlive/texmf-dist/f
onts/type1/public/amsfonts/cm/cmssbx10.pfb></usr/share/texlive/texmf-dist/fonts
/type1/public/amsfonts/cm/cmssi10.pfb></usr/share/texlive/texmf-dist/fonts/type
1/public/amsfonts/cm/cmssi8.pfb></usr/share/texlive/texmf-dist/fonts/type1/publ
ic/amsfonts/cm/cmsy10.pfb></usr/share/texlive/texmf-dist/fonts/type1/public/ams
fonts/cm/cmsy7.pfb></usr/share/texlive/texmf-dist/fonts/type1/public/amsfonts/c
m/cmsy8.pfb></usr/share/texlive/texmf-dist/fonts/type1/public/amsfonts/symbols/
msbm10.pfb>
Output written on FormalLLVMConcur.pdf (50 pages, 303602 bytes).
PDF statistics:
 1162 PDF objects out of 1200 (max. 8388607)
 1061 compressed objects within 11 object streams
 103 named destinations out of 1000 (max. 500000)
 115 words of extra memory for PDF output out of 10000 (max. 10000000)

